<?xml version="1.0" encoding="UTF-8"?>
<testsuite xmlns:xsi="http://www.w3.org/2001/XMLSchema-instance" xsi:noNamespaceSchemaLocation="https://maven.apache.org/surefire/maven-surefire-plugin/xsd/surefire-test-report-3.0.xsd" version="3.0" name="com.gcu.Topic41ApplicationTests" time="5.792" tests="1" errors="0" skipped="0" failures="0">
  <properties>
[...]
</properties>
  <testcase name="contextLoads" classname="com.gcu.Topic41ApplicationTests" time="1.011">
    <system-out><![CDATA[09:33:47.875 [main] INFO org.springframework.test.context.support.AnnotationConfigContextLoaderUtils -- Could not detect default configuration classes for test class [com.gcu.Topic41ApplicationTests]: Topic41ApplicationTests does not declare any static, non-private, non-final, nested classes annotated with @Configuration.
09:33:48.028 [main] INFO org.springframework.boot.test.context.SpringBootTestContextBootstrapper -- Found @SpringBootConfiguration com.gcu.Topic41Application for test class com.gcu.Topic41ApplicationTests
09:33:48.232 [main] INFO org.springframework.boot.devtools.restart.RestartApplicationListener -- Restart disabled due to context in which it is running

  .   ____          _            __ _ _
 /\\ / ___'_ __ _ _(_)_ __  __ _ \ \ \ \
( ( )\___ | '_ | '_| | '_ \/ _` | \ \ \ \
 \\/  ___)| |_)| | | | | || (_| |  ) ) ) )
  '  |____| .__|_| |_|_| |_\__, | / / / /
 =========|_|==============|___/=/_/_/_/
 :: Spring Boot ::                (v3.2.2)

2025-01-30T09:33:48.547-07:00  INFO 27544 --- [           main] com.gcu.Topic41ApplicationTests          : Starting Topic41ApplicationTests using Java 17.0.9 with PID 27544 (started by 19256 in C:\Users\19256\eclipse-workspace3\topic4_1)
2025-01-30T09:33:48.548-07:00  INFO 27544 --- [           main] com.gcu.Topic41ApplicationTests          : No active profile set, falling back to 1 default profile: "default"
2025-01-30T09:33:49.753-07:00  INFO 27544 --- [           main] .s.d.r.c.RepositoryConfigurationDelegate : Bootstrapping Spring Data JDBC repositories in DEFAULT mode.
2025-01-30T09:33:49.779-07:00  INFO 27544 --- [           main] .s.d.r.c.RepositoryConfigurationDelegate : Finished Spring Data repository scanning in 20 ms. Found 0 JDBC repository interfaces.
2025-01-30T09:33:50.944-07:00  INFO 27544 --- [           main] com.zaxxer.hikari.HikariDataSource       : HikariPool-1 - Starting...
2025-01-30T09:33:52.145-07:00  INFO 27544 --- [           main] com.zaxxer.hikari.pool.HikariPool        : HikariPool-1 - Added connection com.mysql.cj.jdbc.ConnectionImpl@5fd18419
2025-01-30T09:33:52.148-07:00  INFO 27544 --- [           main] com.zaxxer.hikari.HikariDataSource       : HikariPool-1 - Start completed.
2025-01-30T09:33:52.398-07:00  INFO 27544 --- [           main] com.gcu.Topic41ApplicationTests          : Started Topic41ApplicationTests in 4.181 seconds (process running for 5.993)
]]></system-out>
  </testcase>
</testsuite>